<?xml version="1.0" encoding="UTF-8"?>
<testng-results skipped="0" failed="0" ignored="0" total="0" passed="0">
  <reporter-output>
  </reporter-output>
  <suite name="com.october18.proj.hybrid.AppTest" duration-ms="5" started-at="2018-10-17T07:58:26Z" finished-at="2018-10-17T07:58:26Z">
    <groups>
    </groups>
    <test name="Command line test" duration-ms="5" started-at="2018-10-17T07:58:26Z" finished-at="2018-10-17T07:58:26Z">
    </test> <!-- Command line test -->
  </suite> <!-- com.october18.proj.hybrid.AppTest -->
</testng-results>
