<?xml version="1.0" encoding="UTF-8"?>
<testng-results skipped="0" failed="0" ignored="0" total="1" passed="1">
  <reporter-output>
  </reporter-output>
  <suite name="Default suite" duration-ms="15588" started-at="2018-10-17T09:44:47Z" finished-at="2018-10-17T09:45:02Z">
    <groups>
    </groups>
    <test name="Default test" duration-ms="15588" started-at="2018-10-17T09:44:47Z" finished-at="2018-10-17T09:45:02Z">
      <class name="com.test.prac.LauchChrome">
        <test-method status="PASS" signature="test()[pri:0, instance:com.test.prac.LauchChrome@2a5ca609]" name="test" duration-ms="15560" started-at="2018-10-17T09:44:47Z" finished-at="2018-10-17T09:45:02Z">
          <reporter-output>
          </reporter-output>
        </test-method> <!-- test -->
      </class> <!-- com.test.prac.LauchChrome -->
    </test> <!-- Default test -->
  </suite> <!-- Default suite -->
</testng-results>
